actionid: scenario
msg: envreport
cmdargs: ['/opt/bbc/openstack-11.0-master/neutron/src/neutron-lbaas/.tox/scenario/bin/pip', 'freeze']
env: {'PROJECT_HOME': '/root/development', 'LESSOPEN': '| /usr/bin/lesspipe %s', 'SSH_CLIENT': '192.168.100.123 57912 22', 'LOGNAME': 'root', 'USER': 'root', 'PATH': '/opt/bbc/openstack-11.0-master/neutron/src/neutron-lbaas/.tox/scenario/bin:/root/.virtualenvs/lbaas-auto/bin:/usr/local/sbin:/usr/local/bin:/usr/sbin:/usr/bin:/sbin:/bin:/usr/games:/usr/local/games', 'HOME': '/root', 'PS1': '(lbaas-auto)\\[\\e]0;\\u@\\h: \\w\\a\\]${debian_chroot:+($debian_chroot)}\\u@\\h:\\w\\$ ', 'LANG': 'en_US.UTF-8', 'TERM': 'xterm-256color', 'SHELL': '/bin/bash', 'OS_TESTR_CONCURRENCY': '1', 'SHLVL': '1', 'PYTHONHASHSEED': '1413444624', 'WORKON_HOME': '/root/.virtualenvs', 'XDG_RUNTIME_DIR': '/run/user/0', 'VIRTUAL_ENV': '/opt/bbc/openstack-11.0-master/neutron/src/neutron-lbaas/.tox/scenario', 'VIRTUALENVWRAPPER_WORKON_CD': '1', 'LC_ALL': 'en_US.UTF-8', 'XDG_SESSION_ID': '14', '_': '/root/.virtualenvs/lbaas-auto/bin/tox', 'VIRTUALENVWRAPPER_PROJECT_FILENAME': '.project', 'LS_COLORS': 'rs=0:di=01;34:ln=01;36:mh=00:pi=40;33:so=01;35:do=01;35:bd=40;33;01:cd=40;33;01:or=40;31;01:su=37;41:sg=30;43:ca=30;41:tw=30;42:ow=34;42:st=37;44:ex=01;32:*.tar=01;31:*.tgz=01;31:*.arj=01;31:*.taz=01;31:*.lzh=01;31:*.lzma=01;31:*.tlz=01;31:*.txz=01;31:*.zip=01;31:*.z=01;31:*.Z=01;31:*.dz=01;31:*.gz=01;31:*.lz=01;31:*.xz=01;31:*.bz2=01;31:*.bz=01;31:*.tbz=01;31:*.tbz2=01;31:*.tz=01;31:*.deb=01;31:*.rpm=01;31:*.jar=01;31:*.war=01;31:*.ear=01;31:*.sar=01;31:*.rar=01;31:*.ace=01;31:*.zoo=01;31:*.cpio=01;31:*.7z=01;31:*.rz=01;31:*.jpg=01;35:*.jpeg=01;35:*.gif=01;35:*.bmp=01;35:*.pbm=01;35:*.pgm=01;35:*.ppm=01;35:*.tga=01;35:*.xbm=01;35:*.xpm=01;35:*.tif=01;35:*.tiff=01;35:*.png=01;35:*.svg=01;35:*.svgz=01;35:*.mng=01;35:*.pcx=01;35:*.mov=01;35:*.mpg=01;35:*.mpeg=01;35:*.m2v=01;35:*.mkv=01;35:*.webm=01;35:*.ogm=01;35:*.mp4=01;35:*.m4v=01;35:*.mp4v=01;35:*.vob=01;35:*.qt=01;35:*.nuv=01;35:*.wmv=01;35:*.asf=01;35:*.rm=01;35:*.rmvb=01;35:*.flc=01;35:*.avi=01;35:*.fli=01;35:*.flv=01;35:*.gl=01;35:*.dl=01;35:*.xcf=01;35:*.xwd=01;35:*.yuv=01;35:*.cgm=01;35:*.emf=01;35:*.axv=01;35:*.anx=01;35:*.ogv=01;35:*.ogx=01;35:*.aac=00;36:*.au=00;36:*.flac=00;36:*.mid=00;36:*.midi=00;36:*.mka=00;36:*.mp3=00;36:*.mpc=00;36:*.ogg=00;36:*.ra=00;36:*.wav=00;36:*.axa=00;36:*.oga=00;36:*.spx=00;36:*.xspf=00;36:', 'LESSCLOSE': '/usr/bin/lesspipe %s %s', 'VIRTUALENVWRAPPER_HOOK_DIR': '/root/.virtualenvs', 'SSH_TTY': '/dev/pts/22', 'OLDPWD': '/opt/bbc/openstack-11.0-master/neutron/src/neutron-lbaas/neutron_lbaas', 'VIRTUALENVWRAPPER_SCRIPT': '/usr/local/bin/virtualenvwrapper.sh', 'PWD': '/opt/bbc/openstack-11.0-master/neutron/src/neutron-lbaas', 'OS_TEST_PATH': '/opt/bbc/openstack-11.0-master/neutron/src/neutron-lbaas/neutron_lbaas/tests/tempest/v2/scenario', 'MAIL': '/var/mail/root', 'SSH_CONNECTION': '192.168.100.123 57912 192.168.100.124 22'}

aioeventlet==0.4
alembic==0.8.4
amqp==1.4.9
anyjson==0.3.3
appdirs==1.4.0
apt-xapian-index==0.45
Babel==2.2.0
beautifulsoup4==4.4.1
bunch==1.0.1
cachetools==1.1.5
cffi==1.4.2
chardet==2.0.1
Cheetah==2.4.4
cliff==1.15.0
cloud-init==0.7.5
cmd2==0.6.8
colorama==0.2.5
configobj==4.7.2
contextlib2==0.5.1
coverage==4.0.3
cryptography==1.2.1
debtcollector==1.2.0
decorator==4.0.6
docutils==0.12
dogpile.cache==0.5.7
dogpile.core==0.4.1
ecdsa==0.13
enum34==1.1.2
eventlet==0.17.4
extras==0.0.3
fasteners==0.14.1
fixtures==1.4.0
flake8==2.2.4
funcsigs==0.4
functools32==3.2.3.post2
futures==3.0.3
futurist==0.9.0
greenlet==0.4.9
hacking==0.10.2
html5lib==0.999
httplib2==0.9.2
idna==2.0
iotop==0.6
ipaddress==1.0.16
iso8601==0.1.11
Jinja2==2.8
jsonpatch==1.3
jsonpointer==1.0
jsonschema==2.5.1
keystoneauth1==2.2.0
keystonemiddleware==4.1.0
kombu==3.0.33
Landscape-Client==14.12
lesscpy===0.9j
libvirt-python==1.2.2
linecache2==1.0.0
lockfile==0.8
logutils==0.3.3
lxml==3.3.3
Mako==1.0.3
MarkupSafe==0.23
matplotlib==1.3.1
mccabe==0.2.1
mock==1.3.0
monotonic==0.5
msgpack-python==0.4.6
MySQL-python==1.2.3
ndg-httpsclient==0.4.0
netaddr==0.7.18
netifaces==0.10.4
-e git+https://git.openstack.org/openstack/neutron@feced76488ea99355c605e0bc719723931621693#egg=neutron-master
-e git://github.com/openstack/neutron-lbaas.git@ec4499adb92701654b368541a03dd3c9559ff8f8#egg=neutron_lbaas-master
numpy==1.8.2
oauth==1.0.1
ordereddict==1.1
os-client-config==1.13.1
os-testr==0.6.0
oslo.concurrency==3.3.0
oslo.config==3.2.1
oslo.context==1.0.1
oslo.db==4.3.0
oslo.i18n==3.2.0
oslo.log==2.3.0
oslo.messaging==4.0.0
oslo.middleware==3.5.0
oslo.policy==1.3.0
oslo.reports==1.3.0
oslo.rootwrap==3.1.0
oslo.serialization==2.2.0
oslo.service==1.3.0
oslo.utils==3.4.0
oslo.versionedobjects==1.3.0
oslosphinx==4.2.0
PAM==0.4.2
paramiko==1.16.0
Paste==2.0.2
PasteDeploy==1.5.2
pbr==1.8.1
pecan==1.0.3
pep8==1.5.7
Pillow==2.3.0
ply==3.8
prettytable==0.7.2
psutil==1.2.1
pyasn1==0.1.9
pyasn1-modules==0.0.8
pycadf==2.0.1
pycparser==2.14
pycrypto==2.6.1
pycurl==7.19.3
pyflakes==0.8.1
Pygments==2.0.2
pyinotify==0.9.6
pymongo==3.2
pyOpenSSL==0.15.1
pyparsing==2.0.7
pyserial==2.6
python-apt===0.9.3.5ubuntu2
python-barbicanclient==3.3.0
python-ceilometerclient==2.2.0
python-cinderclient==1.5.0
python-daemon==1.5.5
python-dateutil==2.4.2
python-debian===0.1.21-nmu2ubuntu2
python-designateclient==1.5.0
python-editor==0.5
python-glanceclient==1.2.0
python-heatclient==0.8.0
python-ironicclient==1.0.0
python-keystoneclient==2.1.1
python-magnumclient==1.1.0
python-memcached==1.53
python-mimeparse==0.1.4
python-neutronclient==4.0.0
python-novaclient==3.2.0
python-openstackclient==2.0.0
python-subunit==1.2.0
python-swiftclient==2.7.0
python-troveclient==1.4.0
pytz==2015.7
PyYAML==3.11
reno==1.3.0
repoze.lru==0.6
requests==2.9.1
requests-mock==0.7.0
requestsexceptions==1.1.2
retrying==1.3.3
Routes==2.2
ryu==3.29.1
sensu-plugin==0.1.0
shade==0.16.0
simplejson==3.8.1
singledispatch==3.4.0.3
six==1.10.0
Sphinx==1.2.3
SQLAlchemy==1.0.11
sqlalchemy-migrate==0.10.0
sqlparse==0.1.18
ssh-import-id==3.21
stevedore==1.10.0
tempest-lib==0.13.0
Tempita==0.5.2
testrepository==0.0.20
testscenarios==0.5.0
testtools==1.8.1
traceback2==1.4.0
trollius==2.0
Twisted-Core==13.2.0
Twisted-Names==13.2.0
Twisted-Web==13.2.0
unicodecsv==0.14.1
unittest2==1.1.0
urllib3==1.7.1
virtualenv==13.1.2
virtualenv-clone==0.2.6
virtualenvwrapper==4.7.1
waitress==0.8.10
warlock==1.2.0
WebOb==1.5.1
WebTest==2.0.20
wheel==0.24.0
wrapt==1.10.6
zope.interface==4.0.5
